<?xml version="1.0" encoding="UTF-8"?>
<testng-results ignored="0" total="1" passed="1" failed="0" skipped="0">
  <reporter-output>
  </reporter-output>
  <suite started-at="2022-07-07T14:06:58 IST" name="Default suite" finished-at="2022-07-07T14:07:16 IST" duration-ms="18474">
    <groups>
    </groups>
    <test started-at="2022-07-07T14:06:58 IST" name="Default test" finished-at="2022-07-07T14:07:16 IST" duration-ms="18474">
      <class name="POMExamples.Firstdemotest">
        <test-method signature="Takescreenshot()[pri:0, instance:POMExamples.Firstdemotest@470f1802]" started-at="2022-07-07T14:06:58 IST" name="Takescreenshot" finished-at="2022-07-07T14:07:16 IST" duration-ms="18371" status="PASS">
          <reporter-output>
          </reporter-output>
        </test-method> <!-- Takescreenshot -->
      </class> <!-- POMExamples.Firstdemotest -->
    </test> <!-- Default test -->
  </suite> <!-- Default suite -->
</testng-results>
